<?xml version="1.0" encoding="UTF-8"?>
<testsuite name="com.carnival.sdk.CruiseSdkUseCaseAndSyncTests" tests="3" skipped="0" failures="0" errors="0" timestamp="2026-05-01T14:44:42" hostname="Admins-MacBook-Air.local" time="0.311">
  <properties/>
  <testcase name="loginUseCase_emitsLoadingThenSuccess" classname="com.carnival.sdk.CruiseSdkUseCaseAndSyncTests" time="0.276"/>
  <testcase name="syncEngine_retriesWhenPushFails" classname="com.carnival.sdk.CruiseSdkUseCaseAndSyncTests" time="0.031"/>
  <testcase name="syncEngine_pushesQueuedOrderAndClearsQueue" classname="com.carnival.sdk.CruiseSdkUseCaseAndSyncTests" time="0.003"/>
  <system-out><![CDATA[]]></system-out>
  <system-err><![CDATA[]]></system-err>
</testsuite>
