<?xml version="1.0" encoding="UTF-8"?>
<testsuite name="com.carnival.sdk.SharedCoreCoverageTests" tests="7" skipped="0" failures="0" errors="0" timestamp="2026-04-30T17:10:32" hostname="Admins-MacBook-Air.local" time="0.007">
  <properties/>
  <testcase name="secureTokenStore_saveGetAndClear" classname="com.carnival.sdk.SharedCoreCoverageTests" time="0.001"/>
  <testcase name="inMemoryLocalStore_supportsCrudAndObservation" classname="com.carnival.sdk.SharedCoreCoverageTests" time="0.004"/>
  <testcase name="exponentialBackoff_capsAtMaximum" classname="com.carnival.sdk.SharedCoreCoverageTests" time="0.0"/>
  <testcase name="localDataSource_updatesOrderAndSyncQueue" classname="com.carnival.sdk.SharedCoreCoverageTests" time="0.001"/>
  <testcase name="networkMonitor_updatesState" classname="com.carnival.sdk.SharedCoreCoverageTests" time="0.0"/>
  <testcase name="cachePolicy_expiresAfterTtl" classname="com.carnival.sdk.SharedCoreCoverageTests" time="0.0"/>
  <testcase name="jsonCodec_roundTripsPayload" classname="com.carnival.sdk.SharedCoreCoverageTests" time="0.001"/>
  <system-out><![CDATA[]]></system-out>
  <system-err><![CDATA[]]></system-err>
</testsuite>
