<?xml version="1.0" encoding="UTF-8"?>
<testsuite name="com.carnival.sdk.RepositoryAndSdkCoverageTests" tests="12" skipped="0" failures="0" errors="0" timestamp="2026-04-17T11:25:53" hostname="Admins-MacBook-Air.local" time="0.396">
  <properties/>
  <testcase name="syncEngine_pullsRemoteChangesAndMarksEntitiesSynced" classname="com.carnival.sdk.RepositoryAndSdkCoverageTests" time="0.28"/>
  <testcase name="preferencesRepository_queuesOfflineSaveAndRefreshesOnlineFetch" classname="com.carnival.sdk.RepositoryAndSdkCoverageTests" time="0.015"/>
  <testcase name="cruiseSdk_requiresInitializationAndExposesFeatureApis" classname="com.carnival.sdk.RepositoryAndSdkCoverageTests" time="0.077"/>
  <testcase name="chatRepository_sendsOfflineAndReceivesLocalMessages" classname="com.carnival.sdk.RepositoryAndSdkCoverageTests" time="0.003"/>
  <testcase name="authRepository_supportsOnlineAndOfflineFallback" classname="com.carnival.sdk.RepositoryAndSdkCoverageTests" time="0.003"/>
  <testcase name="syncEngine_startStopAndCancellationAreSafe" classname="com.carnival.sdk.RepositoryAndSdkCoverageTests" time="0.002"/>
  <testcase name="orderRepository_handlesOfflineQueueAndStatusError" classname="com.carnival.sdk.RepositoryAndSdkCoverageTests" time="0.004"/>
  <testcase name="authRepository_returnsUnauthorizedWithoutOfflineSession" classname="com.carnival.sdk.RepositoryAndSdkCoverageTests" time="0.002"/>
  <testcase name="chatRepository_sendsOnlineSuccessfully" classname="com.carnival.sdk.RepositoryAndSdkCoverageTests" time="0.002"/>
  <testcase name="orderRepository_updatesStatusOnline" classname="com.carnival.sdk.RepositoryAndSdkCoverageTests" time="0.003"/>
  <testcase name="orderRepository_placesOrderOnline" classname="com.carnival.sdk.RepositoryAndSdkCoverageTests" time="0.003"/>
  <testcase name="itineraryRepository_refreshesExpiredCache" classname="com.carnival.sdk.RepositoryAndSdkCoverageTests" time="0.002"/>
  <system-out><![CDATA[INFO [CruiseSDK] Initializing on Android unknown (unknown)
]]></system-out>
  <system-err><![CDATA[SLF4J: Failed to load class "org.slf4j.impl.StaticLoggerBinder".
SLF4J: Defaulting to no-operation (NOP) logger implementation
SLF4J: See http://www.slf4j.org/codes.html#StaticLoggerBinder for further details.
]]></system-err>
</testsuite>
