<?xml version="1.0" encoding="UTF-8"?>
<testsuite name="com.carnival.sdk.CruiseSdkUseCaseAndSyncTests" tests="3" skipped="0" failures="0" errors="0" timestamp="2026-04-30T17:10:02" hostname="Admins-MacBook-Air.local" time="0.011">
  <properties/>
  <testcase name="loginUseCase_emitsLoadingThenSuccess[iosSimulatorArm64]" classname="com.carnival.sdk.CruiseSdkUseCaseAndSyncTests" time="0.006"/>
  <testcase name="syncEngine_pushesQueuedOrderAndClearsQueue[iosSimulatorArm64]" classname="com.carnival.sdk.CruiseSdkUseCaseAndSyncTests" time="0.0"/>
  <testcase name="syncEngine_retriesWhenPushFails[iosSimulatorArm64]" classname="com.carnival.sdk.CruiseSdkUseCaseAndSyncTests" time="0.0"/>
  <system-out><![CDATA[]]></system-out>
  <system-err><![CDATA[]]></system-err>
</testsuite>
