<?xml version="1.0" encoding="UTF-8"?>
<testsuite name="com.carnival.sdk.UseCaseAndApiCoverageTests" tests="2" skipped="0" failures="0" errors="0" timestamp="2026-04-30T17:10:02" hostname="Admins-MacBook-Air.local" time="0.0">
  <properties/>
  <testcase name="useCases_delegateToRepositories[iosSimulatorArm64]" classname="com.carnival.sdk.UseCaseAndApiCoverageTests" time="0.0"/>
  <testcase name="domainErrors_areConstructible[iosSimulatorArm64]" classname="com.carnival.sdk.UseCaseAndApiCoverageTests" time="0.0"/>
  <system-out><![CDATA[]]></system-out>
  <system-err><![CDATA[]]></system-err>
</testsuite>
