<?xml version="1.0" encoding="UTF-8"?>
<testsuite name="com.carnival.sdk.PlatformAbstractionsTests" tests="5" skipped="0" failures="0" errors="0" timestamp="2026-04-30T17:10:02" hostname="Admins-MacBook-Air.local" time="0.004">
  <properties/>
  <testcase name="deviceInfoProvider_returnsValues[iosSimulatorArm64]" classname="com.carnival.sdk.PlatformAbstractionsTests" time="0.0"/>
  <testcase name="platformLogger_acceptsAllLevels[iosSimulatorArm64]" classname="com.carnival.sdk.PlatformAbstractionsTests" time="0.003"/>
  <testcase name="fileSystemProvider_readsWritesAndDeletes[iosSimulatorArm64]" classname="com.carnival.sdk.PlatformAbstractionsTests" time="0.0"/>
  <testcase name="secureTokenStoreFactory_returnsWorkingStore[iosSimulatorArm64]" classname="com.carnival.sdk.PlatformAbstractionsTests" time="0.0"/>
  <testcase name="platformNetworkMonitor_hasState[iosSimulatorArm64]" classname="com.carnival.sdk.PlatformAbstractionsTests" time="0.0"/>
  <system-out><![CDATA[DEBUG [PlatformAbstractionsTests] debug
INFO [PlatformAbstractionsTests] info
WARN [PlatformAbstractionsTests] warn
ERROR [PlatformAbstractionsTests] error
]]></system-out>
  <system-err><![CDATA[]]></system-err>
</testsuite>
