<?xml version="1.0" encoding="UTF-8"?>
<testsuite name="com.carnival.sdk.CruiseSdkUseCaseAndSyncTests" tests="3" skipped="0" failures="0" errors="0" timestamp="2026-05-04T17:33:32" hostname="Mac.lan" time="0.002">
  <properties/>
  <testcase name="loginUseCase_emitsLoadingThenSuccess[iosSimulatorArm64]" classname="com.carnival.sdk.CruiseSdkUseCaseAndSyncTests" time="0.001"/>
  <testcase name="syncEngine_pushesQueuedOrderAndClearsQueue[iosSimulatorArm64]" classname="com.carnival.sdk.CruiseSdkUseCaseAndSyncTests" time="0.0"/>
  <testcase name="syncEngine_retriesWhenPushFails[iosSimulatorArm64]" classname="com.carnival.sdk.CruiseSdkUseCaseAndSyncTests" time="0.0"/>
  <system-out><![CDATA[]]></system-out>
  <system-err><![CDATA[]]></system-err>
</testsuite>
