<?xml version="1.0" encoding="UTF-8"?>
<testsuite name="com.carnival.sdk.PlatformAbstractionsTests" tests="5" skipped="0" failures="0" errors="0" timestamp="2026-04-17T11:25:29" hostname="Admins-MacBook-Air.local" time="0.014">
  <properties/>
  <testcase name="deviceInfoProvider_returnsValues[jvm]" classname="com.carnival.sdk.PlatformAbstractionsTests" time="0.001"/>
  <testcase name="platformLogger_acceptsAllLevels[jvm]" classname="com.carnival.sdk.PlatformAbstractionsTests" time="0.004"/>
  <testcase name="fileSystemProvider_readsWritesAndDeletes[jvm]" classname="com.carnival.sdk.PlatformAbstractionsTests" time="0.007"/>
  <testcase name="secureTokenStoreFactory_returnsWorkingStore[jvm]" classname="com.carnival.sdk.PlatformAbstractionsTests" time="0.002"/>
  <testcase name="platformNetworkMonitor_hasState[jvm]" classname="com.carnival.sdk.PlatformAbstractionsTests" time="0.0"/>
  <system-out><![CDATA[DEBUG [PlatformAbstractionsTests] debug
INFO [PlatformAbstractionsTests] info
WARN [PlatformAbstractionsTests] warn
ERROR [PlatformAbstractionsTests] error
]]></system-out>
  <system-err><![CDATA[]]></system-err>
</testsuite>
