<?xml version="1.0" encoding="UTF-8"?>
<testsuite name="com.carnival.sdk.CruiseSdkUseCaseAndSyncTests" tests="3" skipped="0" failures="0" errors="0" timestamp="2026-05-01T14:47:55" hostname="Admins-MacBook-Air.local" time="0.328">
  <properties/>
  <testcase name="loginUseCase_emitsLoadingThenSuccess[jvm]" classname="com.carnival.sdk.CruiseSdkUseCaseAndSyncTests" time="0.292"/>
  <testcase name="syncEngine_retriesWhenPushFails[jvm]" classname="com.carnival.sdk.CruiseSdkUseCaseAndSyncTests" time="0.034"/>
  <testcase name="syncEngine_pushesQueuedOrderAndClearsQueue[jvm]" classname="com.carnival.sdk.CruiseSdkUseCaseAndSyncTests" time="0.001"/>
  <system-out><![CDATA[]]></system-out>
  <system-err><![CDATA[]]></system-err>
</testsuite>
