<?xml version="1.0" encoding="UTF-8"?>
<testsuite name="com.carnival.sdk.SharedCoreCoverageTests" tests="7" skipped="0" failures="0" errors="0" timestamp="2026-04-17T11:25:29" hostname="Admins-MacBook-Air.local" time="0.008">
  <properties/>
  <testcase name="secureTokenStore_saveGetAndClear[jvm]" classname="com.carnival.sdk.SharedCoreCoverageTests" time="0.002"/>
  <testcase name="inMemoryLocalStore_supportsCrudAndObservation[jvm]" classname="com.carnival.sdk.SharedCoreCoverageTests" time="0.004"/>
  <testcase name="exponentialBackoff_capsAtMaximum[jvm]" classname="com.carnival.sdk.SharedCoreCoverageTests" time="0.001"/>
  <testcase name="localDataSource_updatesOrderAndSyncQueue[jvm]" classname="com.carnival.sdk.SharedCoreCoverageTests" time="0.001"/>
  <testcase name="networkMonitor_updatesState[jvm]" classname="com.carnival.sdk.SharedCoreCoverageTests" time="0.0"/>
  <testcase name="cachePolicy_expiresAfterTtl[jvm]" classname="com.carnival.sdk.SharedCoreCoverageTests" time="0.0"/>
  <testcase name="jsonCodec_roundTripsPayload[jvm]" classname="com.carnival.sdk.SharedCoreCoverageTests" time="0.0"/>
  <system-out><![CDATA[]]></system-out>
  <system-err><![CDATA[]]></system-err>
</testsuite>
