<?xml version="1.0" encoding="UTF-8"?>
<testsuite name="com.carnival.sdk.UseCaseAndApiCoverageTests" tests="2" skipped="0" failures="0" errors="0" timestamp="2026-04-17T11:25:29" hostname="Admins-MacBook-Air.local" time="0.004">
  <properties/>
  <testcase name="domainErrors_areConstructible[jvm]" classname="com.carnival.sdk.UseCaseAndApiCoverageTests" time="0.001"/>
  <testcase name="useCases_delegateToRepositories[jvm]" classname="com.carnival.sdk.UseCaseAndApiCoverageTests" time="0.003"/>
  <system-out><![CDATA[]]></system-out>
  <system-err><![CDATA[]]></system-err>
</testsuite>
