<?xml version="1.0" encoding="UTF-8"?>
<testsuite name="com.carnival.sdk.CruiseSdkUseCaseAndSyncTests" tests="3" skipped="0" failures="0" errors="0" timestamp="2026-04-17T11:25:52" hostname="Admins-MacBook-Air.local" time="0.005">
  <properties/>
  <testcase name="loginUseCase_emitsLoadingThenSuccess" classname="com.carnival.sdk.CruiseSdkUseCaseAndSyncTests" time="0.002"/>
  <testcase name="syncEngine_retriesWhenPushFails" classname="com.carnival.sdk.CruiseSdkUseCaseAndSyncTests" time="0.002"/>
  <testcase name="syncEngine_pushesQueuedOrderAndClearsQueue" classname="com.carnival.sdk.CruiseSdkUseCaseAndSyncTests" time="0.001"/>
  <system-out><![CDATA[]]></system-out>
  <system-err><![CDATA[]]></system-err>
</testsuite>
